----------------------------------------
ActivityId: 00000000-0000-0000-0000-000000000000

Timestamp: 20-01-2020 6:42:00 AM

Message: HandlingInstanceID: 38b0db04-8fbc-4801-b458-9fb9c2fb8803
An exception of type 'Lucene.Net.Store.LockObtainFailedException' occurred and was caught.
------------------------------------------------------------------------------------------
01/20/2020 12:12:00
Type : Lucene.Net.Store.LockObtainFailedException, Lucene.Net, Version=3.0.3.0, Culture=neutral, PublicKeyToken=85089178b9ac3181
Message : Lock obtain timed out: NativeFSLock@D:\Jaypal\Projects\VectorNAV\BorisCode\Code\vectornav\WebApp\App_Data\Sitefinity\Search\advanced-settings-search\write.lock
Source : Lucene.Net
Help link : 
Data : System.Collections.ListDictionaryInternal
TargetSite : Boolean Obtain(Int64)
HResult : -2146232800
Stack Trace :    at Lucene.Net.Store.Lock.Obtain(Int64 lockWaitTimeout) in d:\Lucene.Net\FullRepo\trunk\src\core\Store\Lock.cs:line 97
   at Lucene.Net.Index.DirectoryReader.AcquireWriteLock() in d:\Lucene.Net\FullRepo\trunk\src\core\Index\DirectoryReader.cs:line 882
   at Lucene.Net.Index.IndexReader.DeleteDocument(Int32 docNum) in d:\Lucene.Net\FullRepo\trunk\src\core\Index\IndexReader.cs:line 983
   at Lucene.Net.Index.IndexReader.DeleteDocuments(Term term) in d:\Lucene.Net\FullRepo\trunk\src\core\Index\IndexReader.cs:line 1025
   at Telerik.Sitefinity.Services.Search.Data.LuceneSearchService.RemoveDocuments(String catalogueName, IEnumerable`1 documents)
   at Telerik.Sitefinity.Services.Search.Publishing.SearchIndexingTask.RunTask(Object[] args)

Additional Info:

MachineName : DESKTOP-RNLROTF
TimeStamp : 20-01-2020 6:42:00 AM
FullName : Telerik.Sitefinity.Utilities, Version=12.1.7122.0, Culture=neutral, PublicKeyToken=b28c218413bdf563
AppDomainName : /LM/W3SVC/2/ROOT-3-132239761077233825
ThreadIdentity : Anonymous
WindowsIdentity : HITESHI\jaypal.singh
Requested URL : https://localhost:44326/


Category: ErrorLog

Priority: 0

EventId: 9010

Severity: Warning

Title:Enterprise Library Exception Handling

Machine: DESKTOP-RNLROTF

App Domain: /LM/W3SVC/2/ROOT-3-132239761077233825

ProcessId: 14076

Process Name: C:\Program Files (x86)\IIS Express\iisexpress.exe

Thread Name: BackgroundTasksService-Thread-4

Win32 ThreadId:14204

Extended Properties: 
----------------------------------------
----------------------------------------
ActivityId: 00000000-0000-0000-0000-000000000000

Timestamp: 20-01-2020 6:42:00 AM

Message: HandlingInstanceID: 1c26c287-8c76-41ca-b8de-6e41b69f37f4
An exception of type 'Lucene.Net.Store.LockObtainFailedException' occurred and was caught.
------------------------------------------------------------------------------------------
01/20/2020 12:12:00
Type : Lucene.Net.Store.LockObtainFailedException, Lucene.Net, Version=3.0.3.0, Culture=neutral, PublicKeyToken=85089178b9ac3181
Message : Lock obtain timed out: NativeFSLock@D:\Jaypal\Projects\VectorNAV\BorisCode\Code\vectornav\WebApp\App_Data\Sitefinity\Search\advanced-settings-search\write.lock
Source : Lucene.Net
Help link : 
Data : System.Collections.ListDictionaryInternal
TargetSite : Boolean Obtain(Int64)
HResult : -2146232800
Stack Trace :    at Lucene.Net.Store.Lock.Obtain(Int64 lockWaitTimeout) in d:\Lucene.Net\FullRepo\trunk\src\core\Store\Lock.cs:line 97
   at Lucene.Net.Index.DirectoryReader.AcquireWriteLock() in d:\Lucene.Net\FullRepo\trunk\src\core\Index\DirectoryReader.cs:line 882
   at Lucene.Net.Index.IndexReader.DeleteDocument(Int32 docNum) in d:\Lucene.Net\FullRepo\trunk\src\core\Index\IndexReader.cs:line 983
   at Lucene.Net.Index.IndexReader.DeleteDocuments(Term term) in d:\Lucene.Net\FullRepo\trunk\src\core\Index\IndexReader.cs:line 1025
   at Telerik.Sitefinity.Services.Search.Data.LuceneSearchService.RemoveDocuments(String catalogueName, IEnumerable`1 documents)
   at Telerik.Sitefinity.Services.Search.Publishing.SearchIndexingTask.RunTask(Object[] args)

Additional Info:

MachineName : DESKTOP-RNLROTF
TimeStamp : 20-01-2020 6:42:00 AM
FullName : Telerik.Sitefinity.Utilities, Version=12.1.7122.0, Culture=neutral, PublicKeyToken=b28c218413bdf563
AppDomainName : /LM/W3SVC/2/ROOT-3-132239761077233825
ThreadIdentity : Anonymous
WindowsIdentity : HITESHI\jaypal.singh
Requested URL : https://localhost:44326/


Category: ErrorLog

Priority: 0

EventId: 9010

Severity: Warning

Title:Enterprise Library Exception Handling

Machine: DESKTOP-RNLROTF

App Domain: /LM/W3SVC/2/ROOT-3-132239761077233825

ProcessId: 14076

Process Name: C:\Program Files (x86)\IIS Express\iisexpress.exe

Thread Name: BackgroundTasksService-Thread-7

Win32 ThreadId:4084

Extended Properties: 
----------------------------------------
----------------------------------------
ActivityId: 00000000-0000-0000-0000-000000000000

Timestamp: 20-01-2020 6:42:00 AM

Message: HandlingInstanceID: ead77d99-b780-4e2b-b2d0-327db27e5e83
An exception of type 'Lucene.Net.Store.LockObtainFailedException' occurred and was caught.
------------------------------------------------------------------------------------------
01/20/2020 12:12:00
Type : Lucene.Net.Store.LockObtainFailedException, Lucene.Net, Version=3.0.3.0, Culture=neutral, PublicKeyToken=85089178b9ac3181
Message : Lock obtain timed out: NativeFSLock@D:\Jaypal\Projects\VectorNAV\BorisCode\Code\vectornav\WebApp\App_Data\Sitefinity\Search\advanced-settings-search\write.lock
Source : Lucene.Net
Help link : 
Data : System.Collections.ListDictionaryInternal
TargetSite : Boolean Obtain(Int64)
HResult : -2146232800
Stack Trace :    at Lucene.Net.Store.Lock.Obtain(Int64 lockWaitTimeout) in d:\Lucene.Net\FullRepo\trunk\src\core\Store\Lock.cs:line 97
   at Lucene.Net.Index.DirectoryReader.AcquireWriteLock() in d:\Lucene.Net\FullRepo\trunk\src\core\Index\DirectoryReader.cs:line 882
   at Lucene.Net.Index.IndexReader.DeleteDocument(Int32 docNum) in d:\Lucene.Net\FullRepo\trunk\src\core\Index\IndexReader.cs:line 983
   at Lucene.Net.Index.IndexReader.DeleteDocuments(Term term) in d:\Lucene.Net\FullRepo\trunk\src\core\Index\IndexReader.cs:line 1025
   at Telerik.Sitefinity.Services.Search.Data.LuceneSearchService.RemoveDocuments(String catalogueName, IEnumerable`1 documents)
   at Telerik.Sitefinity.Services.Search.Publishing.SearchIndexingTask.RunTask(Object[] args)

Additional Info:

MachineName : DESKTOP-RNLROTF
TimeStamp : 20-01-2020 6:42:00 AM
FullName : Telerik.Sitefinity.Utilities, Version=12.1.7122.0, Culture=neutral, PublicKeyToken=b28c218413bdf563
AppDomainName : /LM/W3SVC/2/ROOT-3-132239761077233825
ThreadIdentity : Anonymous
WindowsIdentity : HITESHI\jaypal.singh
Requested URL : https://localhost:44326/


Category: ErrorLog

Priority: 0

EventId: 9010

Severity: Warning

Title:Enterprise Library Exception Handling

Machine: DESKTOP-RNLROTF

App Domain: /LM/W3SVC/2/ROOT-3-132239761077233825

ProcessId: 14076

Process Name: C:\Program Files (x86)\IIS Express\iisexpress.exe

Thread Name: BackgroundTasksService-Thread-1

Win32 ThreadId:19420

Extended Properties: 
----------------------------------------
----------------------------------------
ActivityId: 00000000-0000-0000-0000-000000000000

Timestamp: 20-01-2020 6:42:00 AM

Message: HandlingInstanceID: 03de8bfc-5bf0-4b56-9306-13859bd0054b
An exception of type 'Lucene.Net.Store.LockObtainFailedException' occurred and was caught.
------------------------------------------------------------------------------------------
01/20/2020 12:12:00
Type : Lucene.Net.Store.LockObtainFailedException, Lucene.Net, Version=3.0.3.0, Culture=neutral, PublicKeyToken=85089178b9ac3181
Message : Lock obtain timed out: NativeFSLock@D:\Jaypal\Projects\VectorNAV\BorisCode\Code\vectornav\WebApp\App_Data\Sitefinity\Search\advanced-settings-search\write.lock
Source : Lucene.Net
Help link : 
Data : System.Collections.ListDictionaryInternal
TargetSite : Boolean Obtain(Int64)
HResult : -2146232800
Stack Trace :    at Lucene.Net.Store.Lock.Obtain(Int64 lockWaitTimeout) in d:\Lucene.Net\FullRepo\trunk\src\core\Store\Lock.cs:line 97
   at Lucene.Net.Index.DirectoryReader.AcquireWriteLock() in d:\Lucene.Net\FullRepo\trunk\src\core\Index\DirectoryReader.cs:line 882
   at Lucene.Net.Index.IndexReader.DeleteDocument(Int32 docNum) in d:\Lucene.Net\FullRepo\trunk\src\core\Index\IndexReader.cs:line 983
   at Lucene.Net.Index.IndexReader.DeleteDocuments(Term term) in d:\Lucene.Net\FullRepo\trunk\src\core\Index\IndexReader.cs:line 1025
   at Telerik.Sitefinity.Services.Search.Data.LuceneSearchService.RemoveDocuments(String catalogueName, IEnumerable`1 documents)
   at Telerik.Sitefinity.Services.Search.Publishing.SearchIndexingTask.RunTask(Object[] args)

Additional Info:

MachineName : DESKTOP-RNLROTF
TimeStamp : 20-01-2020 6:42:00 AM
FullName : Telerik.Sitefinity.Utilities, Version=12.1.7122.0, Culture=neutral, PublicKeyToken=b28c218413bdf563
AppDomainName : /LM/W3SVC/2/ROOT-3-132239761077233825
ThreadIdentity : Anonymous
WindowsIdentity : HITESHI\jaypal.singh
Requested URL : https://localhost:44326/


Category: ErrorLog

Priority: 0

EventId: 9010

Severity: Warning

Title:Enterprise Library Exception Handling

Machine: DESKTOP-RNLROTF

App Domain: /LM/W3SVC/2/ROOT-3-132239761077233825

ProcessId: 14076

Process Name: C:\Program Files (x86)\IIS Express\iisexpress.exe

Thread Name: BackgroundTasksService-Thread-3

Win32 ThreadId:8056

Extended Properties: 
----------------------------------------
----------------------------------------
ActivityId: 00000000-0000-0000-0000-000000000000

Timestamp: 20-01-2020 6:42:01 AM

Message: HandlingInstanceID: 16485271-39a9-4a25-806a-d68ea967b589
An exception of type 'Lucene.Net.Store.LockObtainFailedException' occurred and was caught.
------------------------------------------------------------------------------------------
01/20/2020 12:12:01
Type : Lucene.Net.Store.LockObtainFailedException, Lucene.Net, Version=3.0.3.0, Culture=neutral, PublicKeyToken=85089178b9ac3181
Message : Lock obtain timed out: NativeFSLock@D:\Jaypal\Projects\VectorNAV\BorisCode\Code\vectornav\WebApp\App_Data\Sitefinity\Search\advanced-settings-search\write.lock
Source : Lucene.Net
Help link : 
Data : System.Collections.ListDictionaryInternal
TargetSite : Boolean Obtain(Int64)
HResult : -2146232800
Stack Trace :    at Lucene.Net.Store.Lock.Obtain(Int64 lockWaitTimeout) in d:\Lucene.Net\FullRepo\trunk\src\core\Store\Lock.cs:line 97
   at Lucene.Net.Index.DirectoryReader.AcquireWriteLock() in d:\Lucene.Net\FullRepo\trunk\src\core\Index\DirectoryReader.cs:line 882
   at Lucene.Net.Index.IndexReader.DeleteDocument(Int32 docNum) in d:\Lucene.Net\FullRepo\trunk\src\core\Index\IndexReader.cs:line 983
   at Lucene.Net.Index.IndexReader.DeleteDocuments(Term term) in d:\Lucene.Net\FullRepo\trunk\src\core\Index\IndexReader.cs:line 1025
   at Telerik.Sitefinity.Services.Search.Data.LuceneSearchService.RemoveDocuments(String catalogueName, IEnumerable`1 documents)
   at Telerik.Sitefinity.Services.Search.Publishing.SearchIndexingTask.RunTask(Object[] args)

Additional Info:

MachineName : DESKTOP-RNLROTF
TimeStamp : 20-01-2020 6:42:01 AM
FullName : Telerik.Sitefinity.Utilities, Version=12.1.7122.0, Culture=neutral, PublicKeyToken=b28c218413bdf563
AppDomainName : /LM/W3SVC/2/ROOT-3-132239761077233825
ThreadIdentity : Anonymous
WindowsIdentity : HITESHI\jaypal.singh
Requested URL : https://localhost:44326/


Category: ErrorLog

Priority: 0

EventId: 9010

Severity: Warning

Title:Enterprise Library Exception Handling

Machine: DESKTOP-RNLROTF

App Domain: /LM/W3SVC/2/ROOT-3-132239761077233825

ProcessId: 14076

Process Name: C:\Program Files (x86)\IIS Express\iisexpress.exe

Thread Name: BackgroundTasksService-Thread-1

Win32 ThreadId:19420

Extended Properties: 
----------------------------------------
----------------------------------------
ActivityId: 00000000-0000-0000-0000-000000000000

Timestamp: 20-01-2020 6:42:02 AM

Message: HandlingInstanceID: 13297e4b-d6f1-472d-8d7e-a5bfa35a6b57
An exception of type 'Lucene.Net.Store.LockObtainFailedException' occurred and was caught.
------------------------------------------------------------------------------------------
01/20/2020 12:12:02
Type : Lucene.Net.Store.LockObtainFailedException, Lucene.Net, Version=3.0.3.0, Culture=neutral, PublicKeyToken=85089178b9ac3181
Message : Lock obtain timed out: NativeFSLock@D:\Jaypal\Projects\VectorNAV\BorisCode\Code\vectornav\WebApp\App_Data\Sitefinity\Search\advanced-settings-search\write.lock
Source : Lucene.Net
Help link : 
Data : System.Collections.ListDictionaryInternal
TargetSite : Boolean Obtain(Int64)
HResult : -2146232800
Stack Trace :    at Lucene.Net.Store.Lock.Obtain(Int64 lockWaitTimeout) in d:\Lucene.Net\FullRepo\trunk\src\core\Store\Lock.cs:line 97
   at Lucene.Net.Index.DirectoryReader.AcquireWriteLock() in d:\Lucene.Net\FullRepo\trunk\src\core\Index\DirectoryReader.cs:line 882
   at Lucene.Net.Index.IndexReader.DeleteDocument(Int32 docNum) in d:\Lucene.Net\FullRepo\trunk\src\core\Index\IndexReader.cs:line 983
   at Lucene.Net.Index.IndexReader.DeleteDocuments(Term term) in d:\Lucene.Net\FullRepo\trunk\src\core\Index\IndexReader.cs:line 1025
   at Telerik.Sitefinity.Services.Search.Data.LuceneSearchService.RemoveDocuments(String catalogueName, IEnumerable`1 documents)
   at Telerik.Sitefinity.Services.Search.Publishing.SearchIndexingTask.RunTask(Object[] args)

Additional Info:

MachineName : DESKTOP-RNLROTF
TimeStamp : 20-01-2020 6:42:02 AM
FullName : Telerik.Sitefinity.Utilities, Version=12.1.7122.0, Culture=neutral, PublicKeyToken=b28c218413bdf563
AppDomainName : /LM/W3SVC/2/ROOT-3-132239761077233825
ThreadIdentity : Anonymous
WindowsIdentity : HITESHI\jaypal.singh
Requested URL : https://localhost:44326/


Category: ErrorLog

Priority: 0

EventId: 9010

Severity: Warning

Title:Enterprise Library Exception Handling

Machine: DESKTOP-RNLROTF

App Domain: /LM/W3SVC/2/ROOT-3-132239761077233825

ProcessId: 14076

Process Name: C:\Program Files (x86)\IIS Express\iisexpress.exe

Thread Name: BackgroundTasksService-Thread-5

Win32 ThreadId:3656

Extended Properties: 
----------------------------------------
----------------------------------------
ActivityId: 00000000-0000-0000-0000-000000000000

Timestamp: 20-01-2020 6:42:02 AM

Message: HandlingInstanceID: ea14cee2-0724-455a-b8b4-a531fb3dc02d
An exception of type 'Lucene.Net.Store.LockObtainFailedException' occurred and was caught.
------------------------------------------------------------------------------------------
01/20/2020 12:12:02
Type : Lucene.Net.Store.LockObtainFailedException, Lucene.Net, Version=3.0.3.0, Culture=neutral, PublicKeyToken=85089178b9ac3181
Message : Lock obtain timed out: NativeFSLock@D:\Jaypal\Projects\VectorNAV\BorisCode\Code\vectornav\WebApp\App_Data\Sitefinity\Search\advanced-settings-search\write.lock
Source : Lucene.Net
Help link : 
Data : System.Collections.ListDictionaryInternal
TargetSite : Boolean Obtain(Int64)
HResult : -2146232800
Stack Trace :    at Lucene.Net.Store.Lock.Obtain(Int64 lockWaitTimeout) in d:\Lucene.Net\FullRepo\trunk\src\core\Store\Lock.cs:line 97
   at Lucene.Net.Index.DirectoryReader.AcquireWriteLock() in d:\Lucene.Net\FullRepo\trunk\src\core\Index\DirectoryReader.cs:line 882
   at Lucene.Net.Index.IndexReader.DeleteDocument(Int32 docNum) in d:\Lucene.Net\FullRepo\trunk\src\core\Index\IndexReader.cs:line 983
   at Lucene.Net.Index.IndexReader.DeleteDocuments(Term term) in d:\Lucene.Net\FullRepo\trunk\src\core\Index\IndexReader.cs:line 1025
   at Telerik.Sitefinity.Services.Search.Data.LuceneSearchService.RemoveDocuments(String catalogueName, IEnumerable`1 documents)
   at Telerik.Sitefinity.Services.Search.Publishing.SearchIndexingTask.RunTask(Object[] args)

Additional Info:

MachineName : DESKTOP-RNLROTF
TimeStamp : 20-01-2020 6:42:02 AM
FullName : Telerik.Sitefinity.Utilities, Version=12.1.7122.0, Culture=neutral, PublicKeyToken=b28c218413bdf563
AppDomainName : /LM/W3SVC/2/ROOT-3-132239761077233825
ThreadIdentity : Anonymous
WindowsIdentity : HITESHI\jaypal.singh
Requested URL : https://localhost:44326/


Category: ErrorLog

Priority: 0

EventId: 9010

Severity: Warning

Title:Enterprise Library Exception Handling

Machine: DESKTOP-RNLROTF

App Domain: /LM/W3SVC/2/ROOT-3-132239761077233825

ProcessId: 14076

Process Name: C:\Program Files (x86)\IIS Express\iisexpress.exe

Thread Name: BackgroundTasksService-Thread-2

Win32 ThreadId:2420

Extended Properties: 
----------------------------------------
----------------------------------------
ActivityId: 00000000-0000-0000-0000-000000000000

Timestamp: 20-01-2020 6:42:02 AM

Message: HandlingInstanceID: b527083b-719d-46ff-b192-ab691203923b
An exception of type 'Lucene.Net.Store.LockObtainFailedException' occurred and was caught.
------------------------------------------------------------------------------------------
01/20/2020 12:12:02
Type : Lucene.Net.Store.LockObtainFailedException, Lucene.Net, Version=3.0.3.0, Culture=neutral, PublicKeyToken=85089178b9ac3181
Message : Lock obtain timed out: NativeFSLock@D:\Jaypal\Projects\VectorNAV\BorisCode\Code\vectornav\WebApp\App_Data\Sitefinity\Search\advanced-settings-search\write.lock
Source : Lucene.Net
Help link : 
Data : System.Collections.ListDictionaryInternal
TargetSite : Boolean Obtain(Int64)
HResult : -2146232800
Stack Trace :    at Lucene.Net.Store.Lock.Obtain(Int64 lockWaitTimeout) in d:\Lucene.Net\FullRepo\trunk\src\core\Store\Lock.cs:line 97
   at Lucene.Net.Index.DirectoryReader.AcquireWriteLock() in d:\Lucene.Net\FullRepo\trunk\src\core\Index\DirectoryReader.cs:line 882
   at Lucene.Net.Index.IndexReader.DeleteDocument(Int32 docNum) in d:\Lucene.Net\FullRepo\trunk\src\core\Index\IndexReader.cs:line 983
   at Lucene.Net.Index.IndexReader.DeleteDocuments(Term term) in d:\Lucene.Net\FullRepo\trunk\src\core\Index\IndexReader.cs:line 1025
   at Telerik.Sitefinity.Services.Search.Data.LuceneSearchService.RemoveDocuments(String catalogueName, IEnumerable`1 documents)
   at Telerik.Sitefinity.Services.Search.Publishing.SearchIndexingTask.RunTask(Object[] args)

Additional Info:

MachineName : DESKTOP-RNLROTF
TimeStamp : 20-01-2020 6:42:02 AM
FullName : Telerik.Sitefinity.Utilities, Version=12.1.7122.0, Culture=neutral, PublicKeyToken=b28c218413bdf563
AppDomainName : /LM/W3SVC/2/ROOT-3-132239761077233825
ThreadIdentity : Anonymous
WindowsIdentity : HITESHI\jaypal.singh
Requested URL : https://localhost:44326/


Category: ErrorLog

Priority: 0

EventId: 9010

Severity: Warning

Title:Enterprise Library Exception Handling

Machine: DESKTOP-RNLROTF

App Domain: /LM/W3SVC/2/ROOT-3-132239761077233825

ProcessId: 14076

Process Name: C:\Program Files (x86)\IIS Express\iisexpress.exe

Thread Name: BackgroundTasksService-Thread-6

Win32 ThreadId:20984

Extended Properties: 
----------------------------------------
----------------------------------------
ActivityId: 00000000-0000-0000-0000-000000000000

Timestamp: 20-01-2020 6:42:02 AM

Message: HandlingInstanceID: af4efbed-e97a-4aff-97bc-1041d8b9bedf
An exception of type 'Lucene.Net.Store.LockObtainFailedException' occurred and was caught.
------------------------------------------------------------------------------------------
01/20/2020 12:12:02
Type : Lucene.Net.Store.LockObtainFailedException, Lucene.Net, Version=3.0.3.0, Culture=neutral, PublicKeyToken=85089178b9ac3181
Message : Lock obtain timed out: NativeFSLock@D:\Jaypal\Projects\VectorNAV\BorisCode\Code\vectornav\WebApp\App_Data\Sitefinity\Search\advanced-settings-search\write.lock
Source : Lucene.Net
Help link : 
Data : System.Collections.ListDictionaryInternal
TargetSite : Boolean Obtain(Int64)
HResult : -2146232800
Stack Trace :    at Lucene.Net.Store.Lock.Obtain(Int64 lockWaitTimeout) in d:\Lucene.Net\FullRepo\trunk\src\core\Store\Lock.cs:line 97
   at Lucene.Net.Index.DirectoryReader.AcquireWriteLock() in d:\Lucene.Net\FullRepo\trunk\src\core\Index\DirectoryReader.cs:line 882
   at Lucene.Net.Index.IndexReader.DeleteDocument(Int32 docNum) in d:\Lucene.Net\FullRepo\trunk\src\core\Index\IndexReader.cs:line 983
   at Lucene.Net.Index.IndexReader.DeleteDocuments(Term term) in d:\Lucene.Net\FullRepo\trunk\src\core\Index\IndexReader.cs:line 1025
   at Telerik.Sitefinity.Services.Search.Data.LuceneSearchService.RemoveDocuments(String catalogueName, IEnumerable`1 documents)
   at Telerik.Sitefinity.Services.Search.Publishing.SearchIndexingTask.RunTask(Object[] args)

Additional Info:

MachineName : DESKTOP-RNLROTF
TimeStamp : 20-01-2020 6:42:02 AM
FullName : Telerik.Sitefinity.Utilities, Version=12.1.7122.0, Culture=neutral, PublicKeyToken=b28c218413bdf563
AppDomainName : /LM/W3SVC/2/ROOT-3-132239761077233825
ThreadIdentity : Anonymous
WindowsIdentity : HITESHI\jaypal.singh
Requested URL : https://localhost:44326/


Category: ErrorLog

Priority: 0

EventId: 9010

Severity: Warning

Title:Enterprise Library Exception Handling

Machine: DESKTOP-RNLROTF

App Domain: /LM/W3SVC/2/ROOT-3-132239761077233825

ProcessId: 14076

Process Name: C:\Program Files (x86)\IIS Express\iisexpress.exe

Thread Name: BackgroundTasksService-Thread-3

Win32 ThreadId:8056

Extended Properties: 
----------------------------------------
----------------------------------------
ActivityId: 00000000-0000-0000-0000-000000000000

Timestamp: 20-01-2020 6:42:02 AM

Message: HandlingInstanceID: ae746f33-dca7-42b6-8d9f-39c901ea4b09
An exception of type 'Lucene.Net.Store.LockObtainFailedException' occurred and was caught.
------------------------------------------------------------------------------------------
01/20/2020 12:12:02
Type : Lucene.Net.Store.LockObtainFailedException, Lucene.Net, Version=3.0.3.0, Culture=neutral, PublicKeyToken=85089178b9ac3181
Message : Lock obtain timed out: NativeFSLock@D:\Jaypal\Projects\VectorNAV\BorisCode\Code\vectornav\WebApp\App_Data\Sitefinity\Search\advanced-settings-search\write.lock
Source : Lucene.Net
Help link : 
Data : System.Collections.ListDictionaryInternal
TargetSite : Boolean Obtain(Int64)
HResult : -2146232800
Stack Trace :    at Lucene.Net.Store.Lock.Obtain(Int64 lockWaitTimeout) in d:\Lucene.Net\FullRepo\trunk\src\core\Store\Lock.cs:line 97
   at Lucene.Net.Index.DirectoryReader.AcquireWriteLock() in d:\Lucene.Net\FullRepo\trunk\src\core\Index\DirectoryReader.cs:line 882
   at Lucene.Net.Index.IndexReader.DeleteDocument(Int32 docNum) in d:\Lucene.Net\FullRepo\trunk\src\core\Index\IndexReader.cs:line 983
   at Lucene.Net.Index.IndexReader.DeleteDocuments(Term term) in d:\Lucene.Net\FullRepo\trunk\src\core\Index\IndexReader.cs:line 1025
   at Telerik.Sitefinity.Services.Search.Data.LuceneSearchService.RemoveDocuments(String catalogueName, IEnumerable`1 documents)
   at Telerik.Sitefinity.Services.Search.Publishing.SearchIndexingTask.RunTask(Object[] args)

Additional Info:

MachineName : DESKTOP-RNLROTF
TimeStamp : 20-01-2020 6:42:02 AM
FullName : Telerik.Sitefinity.Utilities, Version=12.1.7122.0, Culture=neutral, PublicKeyToken=b28c218413bdf563
AppDomainName : /LM/W3SVC/2/ROOT-3-132239761077233825
ThreadIdentity : Anonymous
WindowsIdentity : HITESHI\jaypal.singh
Requested URL : https://localhost:44326/


Category: ErrorLog

Priority: 0

EventId: 9010

Severity: Warning

Title:Enterprise Library Exception Handling

Machine: DESKTOP-RNLROTF

App Domain: /LM/W3SVC/2/ROOT-3-132239761077233825

ProcessId: 14076

Process Name: C:\Program Files (x86)\IIS Express\iisexpress.exe

Thread Name: BackgroundTasksService-Thread-1

Win32 ThreadId:19420

Extended Properties: 
----------------------------------------
