----------------------------------------
Timestamp: 1/17/2020 7:27:54 AM

Message: Operation: 'ModelReset'. Parameters: 'notify:True'. Reason: 'MetaDataChange|InvalidatedModules:Telerik.Sitefinity.DynamicModules.Builder.Data.OpenAccessModuleBuilderDataProvider;Telerik.Sitefinity.DynamicModules.Data.OpenAccessDynamicModuleProvider'. User: 'boris@bluetext.com'. StackTrace: '
Telerik.Sitefinity.Data.OA.OpenAccessConnection: Void ResetModel(Telerik.Sitefinity.Services.OperationReason, Boolean)
Telerik.Sitefinity.Data.Decorators.OpenAccessDecorator+<>c__DisplayClass43_0: Void <EnsureModelReset>b__0()
Telerik.Sitefinity.Data.TransactionManager: Void CommitTransaction(System.String)
Telerik.Sitefinity.DynamicModules.Builder.Install.ModuleInstaller: Void InstallModule(Telerik.Sitefinity.DynamicModules.Builder.Model.DynamicModule, Boolean, Boolean)
Telerik.Sitefinity.DynamicModules.Builder.Web.Services.ContentTypeService: Telerik.Sitefinity.DynamicModules.Builder.Data.ContentTypeContext ActivateContentTypeInternal(System.String, System.String)
Telerik.Sitefinity.DynamicModules.Builder.Web.Services.ContentTypeService: Telerik.Sitefinity.DynamicModules.Builder.Data.ContentTypeContext ActivateModule(System.String, System.String)
unknown: System.Object SyncInvokeActivateModule(System.Object, System.Object[], System.Object[])
System.ServiceModel.Dispatcher.SyncMethodInvoker: System.Object Invoke(System.Object, System.Object[], System.Object[] ByRef)
System.ServiceModel.Dispatcher.DispatchOperationRuntime: Void InvokeBegin(System.ServiceModel.Dispatcher.MessageRpc ByRef)
System.ServiceModel.Dispatcher.ImmutableDispatchRuntime: Void ProcessMessage5(System.ServiceModel.Dispatcher.MessageRpc ByRef)
System.ServiceModel.Dispatcher.ImmutableDispatchRuntime: Void ProcessMessage41(System.ServiceModel.Dispatcher.MessageRpc ByRef)
System.ServiceModel.Dispatcher.ImmutableDispatchRuntime: Void ProcessMessage4(System.ServiceModel.Dispatcher.MessageRpc ByRef)
System.ServiceModel.Dispatcher.ImmutableDispatchRuntime: Void ProcessMessage31(System.ServiceModel.Dispatcher.MessageRpc ByRef)
System.ServiceModel.Dispatcher.ImmutableDispatchRuntime: Void ProcessMessage3(System.ServiceModel.Dispatcher.MessageRpc ByRef)
System.ServiceModel.Dispatcher.ImmutableDispatchRuntime: Void ProcessMessage2(System.ServiceModel.Dispatcher.MessageRpc ByRef)
System.ServiceModel.Dispatcher.ImmutableDispatchRuntime: Void ProcessMessage11(System.ServiceModel.Dispatcher.MessageRpc ByRef)
System.ServiceModel.Dispatcher.ImmutableDispatchRuntime: Void ProcessMessage1(System.ServiceModel.Dispatcher.MessageRpc ByRef)
System.ServiceModel.Dispatcher.MessageRpc: Boolean Process(Boolean)
System.ServiceModel.Dispatcher.ChannelHandler: Boolean DispatchAndReleasePump(System.ServiceModel.Channels.RequestContext, Boolean, System.ServiceModel.OperationContext)
System.ServiceModel.Dispatcher.ChannelHandler: Boolean HandleRequest(System.ServiceModel.Channels.RequestContext, System.ServiceModel.OperationContext)
System.ServiceModel.Dispatcher.ChannelHandler: Void AsyncMessagePump(System.IAsyncResult)
System.ServiceModel.Dispatcher.ChannelHandler: Void OnAsyncReceiveComplete(System.IAsyncResult)
System.Runtime.Fx+AsyncThunk: Void UnhandledExceptionFrame(System.IAsyncResult)
Telerik.Sitefinity.Utilities.MS.ServiceModel.Web.AsyncResult: Void Complete(Boolean)
Telerik.Sitefinity.Utilities.MS.ServiceModel.Web.RequestInterceptorReplyChannelBase`1+TryReceiveRequestAsyncResult: Void InnerTryReceiveCallback(System.IAsyncResult)
System.Runtime.AsyncResult: Void Complete(Boolean)
System.Runtime.InputQueue`1+AsyncQueueReader: Void Set(Item)
System.Runtime.InputQueue`1: Void EnqueueAndDispatch(Item, Boolean)
System.Runtime.InputQueue`1: Void EnqueueAndDispatch(T, System.Action, Boolean)
System.ServiceModel.Channels.SingletonChannelAcceptor`3: Void Enqueue(QueueItemType, System.Action, Boolean)
System.ServiceModel.Channels.HttpPipeline+EnqueueMessageAsyncResult: Void CompleteParseAndEnqueue(System.IAsyncResult)
System.ServiceModel.Channels.HttpPipeline+EnqueueMessageAsyncResult: Boolean HandleParseIncomingMessage(System.IAsyncResult)
System.Runtime.AsyncResult: Boolean SyncContinue(System.IAsyncResult)
System.ServiceModel.Channels.HttpPipeline+EnqueueMessageAsyncResult: Void .ctor(System.ServiceModel.Channels.ReplyChannelAcceptor, System.Action, System.ServiceModel.Channels.HttpPipeline, System.AsyncCallback, System.Object)
System.ServiceModel.Channels.HttpPipeline+EmptyHttpPipeline: System.IAsyncResult BeginProcessInboundRequest(System.ServiceModel.Channels.ReplyChannelAcceptor, System.Action, System.AsyncCallback, System.Object)
System.ServiceModel.Channels.HttpChannelListener`1+HttpContextReceivedAsyncResult`1: System.Runtime.AsyncCompletionResult ProcessHttpContextAsync()
System.ServiceModel.Channels.HttpChannelListener`1: System.IAsyncResult BeginHttpContextReceived(System.ServiceModel.Channels.HttpRequestContext, System.Action, System.AsyncCallback, System.Object)
System.ServiceModel.Activation.HostedHttpTransportManager: Void HttpContextReceived(System.ServiceModel.Activation.HostedHttpRequestAsyncResult)
System.ServiceModel.Activation.HostedHttpRequestAsyncResult: Void HandleRequest()
System.ServiceModel.Activation.HostedHttpRequestAsyncResult: Void BeginRequest()
System.ServiceModel.Activation.HostedHttpRequestAsyncResult: Void OnBeginRequest(System.Object)
System.ServiceModel.AspNetPartialTrustHelpers: Void PartialTrustInvoke(System.Threading.ContextCallback, System.Object)
System.ServiceModel.Activation.HostedHttpRequestAsyncResult: Void OnBeginRequestWithFlow(System.Object)
System.Runtime.IOThreadScheduler+ScheduledOverlapped: Void IOCallback(UInt32, UInt32, System.Threading.NativeOverlapped*)
System.Runtime.Fx+IOCompletionThunk: Void UnhandledExceptionFrame(UInt32, UInt32, System.Threading.NativeOverlapped*)
System.Threading._IOCompletionCallback: Void PerformIOCompletionCallback(UInt32, UInt32, System.Threading.NativeOverlapped*)'.


----------------------------------------
----------------------------------------
Timestamp: 1/17/2020 7:39:48 AM

Message: Operation: 'ModelReset'. Parameters: 'notify:True'. Reason: 'MetaDataChange|InvalidatedModules:Telerik.Sitefinity.DynamicModules.Builder.Data.OpenAccessModuleBuilderDataProvider;Telerik.Sitefinity.DynamicModules.Data.OpenAccessDynamicModuleProvider'. User: 'boris@bluetext.com'. StackTrace: '
Telerik.Sitefinity.Data.OA.OpenAccessConnection: Void ResetModel(Telerik.Sitefinity.Services.OperationReason, Boolean)
Telerik.Sitefinity.Data.Decorators.OpenAccessDecorator+<>c__DisplayClass43_0: Void <EnsureModelReset>b__0()
Telerik.Sitefinity.Data.TransactionManager: Void CommitTransaction(System.String)
Telerik.Sitefinity.DynamicModules.Builder.ModuleBuilderHelper: Telerik.Sitefinity.DynamicModules.Builder.Data.ContentTypeContext SaveContentType(System.Guid, Telerik.Sitefinity.DynamicModules.Builder.Data.ContentTypeContext, System.String, Boolean)
Telerik.Sitefinity.DynamicModules.Builder.Web.Services.ContentTypeService: Telerik.Sitefinity.DynamicModules.Builder.Data.ContentTypeContext SaveContentTypeInternal(System.String, Telerik.Sitefinity.DynamicModules.Builder.Data.ContentTypeContext, System.String, Boolean)
Telerik.Sitefinity.DynamicModules.Builder.Web.Services.ContentTypeService: Telerik.Sitefinity.DynamicModules.Builder.Data.ContentTypeContext SaveContentType(System.String, Telerik.Sitefinity.DynamicModules.Builder.Data.ContentTypeContext, System.String, Boolean)
unknown: System.Object SyncInvokeSaveContentType(System.Object, System.Object[], System.Object[])
System.ServiceModel.Dispatcher.SyncMethodInvoker: System.Object Invoke(System.Object, System.Object[], System.Object[] ByRef)
System.ServiceModel.Dispatcher.DispatchOperationRuntime: Void InvokeBegin(System.ServiceModel.Dispatcher.MessageRpc ByRef)
System.ServiceModel.Dispatcher.ImmutableDispatchRuntime: Void ProcessMessage5(System.ServiceModel.Dispatcher.MessageRpc ByRef)
System.ServiceModel.Dispatcher.ImmutableDispatchRuntime: Void ProcessMessage41(System.ServiceModel.Dispatcher.MessageRpc ByRef)
System.ServiceModel.Dispatcher.ImmutableDispatchRuntime: Void ProcessMessage4(System.ServiceModel.Dispatcher.MessageRpc ByRef)
System.ServiceModel.Dispatcher.ImmutableDispatchRuntime: Void ProcessMessage31(System.ServiceModel.Dispatcher.MessageRpc ByRef)
System.ServiceModel.Dispatcher.ImmutableDispatchRuntime: Void ProcessMessage3(System.ServiceModel.Dispatcher.MessageRpc ByRef)
System.ServiceModel.Dispatcher.ImmutableDispatchRuntime: Void ProcessMessage2(System.ServiceModel.Dispatcher.MessageRpc ByRef)
System.ServiceModel.Dispatcher.ImmutableDispatchRuntime: Void ProcessMessage11(System.ServiceModel.Dispatcher.MessageRpc ByRef)
System.ServiceModel.Dispatcher.ImmutableDispatchRuntime: Void ProcessMessage1(System.ServiceModel.Dispatcher.MessageRpc ByRef)
System.ServiceModel.Dispatcher.MessageRpc: Boolean Process(Boolean)
System.ServiceModel.Dispatcher.ChannelHandler: Boolean DispatchAndReleasePump(System.ServiceModel.Channels.RequestContext, Boolean, System.ServiceModel.OperationContext)
System.ServiceModel.Dispatcher.ChannelHandler: Boolean HandleRequest(System.ServiceModel.Channels.RequestContext, System.ServiceModel.OperationContext)
System.ServiceModel.Dispatcher.ChannelHandler: Void AsyncMessagePump(System.IAsyncResult)
System.ServiceModel.Dispatcher.ChannelHandler: Void OnAsyncReceiveComplete(System.IAsyncResult)
System.Runtime.Fx+AsyncThunk: Void UnhandledExceptionFrame(System.IAsyncResult)
Telerik.Sitefinity.Utilities.MS.ServiceModel.Web.AsyncResult: Void Complete(Boolean)
Telerik.Sitefinity.Utilities.MS.ServiceModel.Web.RequestInterceptorReplyChannelBase`1+TryReceiveRequestAsyncResult: Void InnerTryReceiveCallback(System.IAsyncResult)
System.Runtime.AsyncResult: Void Complete(Boolean)
System.Runtime.InputQueue`1+AsyncQueueReader: Void Set(Item)
System.Runtime.InputQueue`1: Void EnqueueAndDispatch(Item, Boolean)
System.Runtime.InputQueue`1: Void EnqueueAndDispatch(T, System.Action, Boolean)
System.ServiceModel.Channels.SingletonChannelAcceptor`3: Void Enqueue(QueueItemType, System.Action, Boolean)
System.ServiceModel.Channels.HttpPipeline+EnqueueMessageAsyncResult: Void CompleteParseAndEnqueue(System.IAsyncResult)
System.ServiceModel.Channels.HttpPipeline+EnqueueMessageAsyncResult: Boolean HandleParseIncomingMessage(System.IAsyncResult)
System.Runtime.AsyncResult: Boolean SyncContinue(System.IAsyncResult)
System.ServiceModel.Channels.HttpPipeline+EnqueueMessageAsyncResult: Void .ctor(System.ServiceModel.Channels.ReplyChannelAcceptor, System.Action, System.ServiceModel.Channels.HttpPipeline, System.AsyncCallback, System.Object)
System.ServiceModel.Channels.HttpPipeline+EmptyHttpPipeline: System.IAsyncResult BeginProcessInboundRequest(System.ServiceModel.Channels.ReplyChannelAcceptor, System.Action, System.AsyncCallback, System.Object)
System.ServiceModel.Channels.HttpChannelListener`1+HttpContextReceivedAsyncResult`1: System.Runtime.AsyncCompletionResult ProcessHttpContextAsync()
System.ServiceModel.Channels.HttpChannelListener`1: System.IAsyncResult BeginHttpContextReceived(System.ServiceModel.Channels.HttpRequestContext, System.Action, System.AsyncCallback, System.Object)
System.ServiceModel.Activation.HostedHttpTransportManager: Void HttpContextReceived(System.ServiceModel.Activation.HostedHttpRequestAsyncResult)
System.ServiceModel.Activation.HostedHttpRequestAsyncResult: Void HandleRequest()
System.ServiceModel.Activation.HostedHttpRequestAsyncResult: Void BeginRequest()
System.ServiceModel.Activation.HostedHttpRequestAsyncResult: Void OnBeginRequest(System.Object)
System.ServiceModel.AspNetPartialTrustHelpers: Void PartialTrustInvoke(System.Threading.ContextCallback, System.Object)
System.ServiceModel.Activation.HostedHttpRequestAsyncResult: Void OnBeginRequestWithFlow(System.Object)
System.Runtime.IOThreadScheduler+ScheduledOverlapped: Void IOCallback(UInt32, UInt32, System.Threading.NativeOverlapped*)
System.Runtime.Fx+IOCompletionThunk: Void UnhandledExceptionFrame(UInt32, UInt32, System.Threading.NativeOverlapped*)
System.Threading._IOCompletionCallback: Void PerformIOCompletionCallback(UInt32, UInt32, System.Threading.NativeOverlapped*)'.


----------------------------------------
----------------------------------------
Timestamp: 1/18/2020 1:09:45 PM

Message: System.ArgumentException: Cannot find template "~/CustomLayouts/Custom1.ascx".
   at Telerik.Sitefinity.Web.UI.ControlUtilities.GetTemplate(String virtualPath, String resourceFileName, Type assemblyInfo, String templateDeclaration, Boolean addChildrenAsDirectDescendants)
   at Telerik.Sitefinity.Web.UI.LayoutControl.GetTemplate()
   at Telerik.Sitefinity.Web.UI.LayoutControl.Initialize()
   at Telerik.Sitefinity.Web.UI.LayoutControl.CreateChildControls()


----------------------------------------
----------------------------------------
Timestamp: 1/18/2020 1:09:45 PM

Message: System.ArgumentException: Cannot find template "~/CustomLayouts/Custom1.ascx".
   at Telerik.Sitefinity.Web.UI.ControlUtilities.GetTemplate(String virtualPath, String resourceFileName, Type assemblyInfo, String templateDeclaration, Boolean addChildrenAsDirectDescendants)
   at Telerik.Sitefinity.Web.UI.LayoutControl.GetTemplate()
   at Telerik.Sitefinity.Web.UI.LayoutControl.Initialize()
   at Telerik.Sitefinity.Web.UI.LayoutControl.CreateChildControls()


----------------------------------------
----------------------------------------
Timestamp: 1/18/2020 1:09:52 PM

Message: System.ArgumentException: Cannot find template "~/CustomLayouts/Custom1.ascx".
   at Telerik.Sitefinity.Web.UI.ControlUtilities.GetTemplate(String virtualPath, String resourceFileName, Type assemblyInfo, String templateDeclaration, Boolean addChildrenAsDirectDescendants)
   at Telerik.Sitefinity.Web.UI.LayoutControl.GetTemplate()
   at Telerik.Sitefinity.Web.UI.LayoutControl.Initialize()
   at Telerik.Sitefinity.Web.UI.LayoutControl.CreateChildControls()


----------------------------------------
----------------------------------------
Timestamp: 1/18/2020 1:09:54 PM

Message: System.ArgumentException: Cannot find template "~/CustomLayouts/Custom1.ascx".
   at Telerik.Sitefinity.Web.UI.ControlUtilities.GetTemplate(String virtualPath, String resourceFileName, Type assemblyInfo, String templateDeclaration, Boolean addChildrenAsDirectDescendants)
   at Telerik.Sitefinity.Web.UI.LayoutControl.GetTemplate()
   at Telerik.Sitefinity.Web.UI.LayoutControl.Initialize()
   at Telerik.Sitefinity.Web.UI.LayoutControl.CreateChildControls()


----------------------------------------
----------------------------------------
Timestamp: 1/18/2020 1:09:54 PM

Message: System.ArgumentException: Cannot find template "~/CustomLayouts/Custom1.ascx".
   at Telerik.Sitefinity.Web.UI.ControlUtilities.GetTemplate(String virtualPath, String resourceFileName, Type assemblyInfo, String templateDeclaration, Boolean addChildrenAsDirectDescendants)
   at Telerik.Sitefinity.Web.UI.LayoutControl.GetTemplate()
   at Telerik.Sitefinity.Web.UI.LayoutControl.Initialize()
   at Telerik.Sitefinity.Web.UI.LayoutControl.CreateChildControls()


----------------------------------------
----------------------------------------
Timestamp: 1/18/2020 1:09:57 PM

Message: System.ArgumentException: Cannot find template "~/CustomLayouts/Custom1.ascx".
   at Telerik.Sitefinity.Web.UI.ControlUtilities.GetTemplate(String virtualPath, String resourceFileName, Type assemblyInfo, String templateDeclaration, Boolean addChildrenAsDirectDescendants)
   at Telerik.Sitefinity.Web.UI.LayoutControl.GetTemplate()
   at Telerik.Sitefinity.Web.UI.LayoutControl.Initialize()
   at Telerik.Sitefinity.Web.UI.LayoutControl.CreateChildControls()


----------------------------------------
----------------------------------------
Timestamp: 1/18/2020 1:11:51 PM

Message: System.ArgumentException: Cannot find template "~/CustomLayouts/Custom1.ascx".
   at Telerik.Sitefinity.Web.UI.ControlUtilities.GetTemplate(String virtualPath, String resourceFileName, Type assemblyInfo, String templateDeclaration, Boolean addChildrenAsDirectDescendants)
   at Telerik.Sitefinity.Web.UI.LayoutControl.GetTemplate()
   at Telerik.Sitefinity.Web.UI.LayoutControl.Initialize()
   at Telerik.Sitefinity.Web.UI.LayoutControl.CreateChildControls()


----------------------------------------
----------------------------------------
Timestamp: 1/18/2020 1:11:51 PM

Message: System.ArgumentException: Cannot find template "~/CustomLayouts/Custom1.ascx".
   at Telerik.Sitefinity.Web.UI.ControlUtilities.GetTemplate(String virtualPath, String resourceFileName, Type assemblyInfo, String templateDeclaration, Boolean addChildrenAsDirectDescendants)
   at Telerik.Sitefinity.Web.UI.LayoutControl.GetTemplate()
   at Telerik.Sitefinity.Web.UI.LayoutControl.Initialize()
   at Telerik.Sitefinity.Web.UI.LayoutControl.CreateChildControls()


----------------------------------------
----------------------------------------
Timestamp: 1/18/2020 1:11:56 PM

Message: System.ArgumentException: Cannot find template "~/CustomLayouts/Custom1.ascx".
   at Telerik.Sitefinity.Web.UI.ControlUtilities.GetTemplate(String virtualPath, String resourceFileName, Type assemblyInfo, String templateDeclaration, Boolean addChildrenAsDirectDescendants)
   at Telerik.Sitefinity.Web.UI.LayoutControl.GetTemplate()
   at Telerik.Sitefinity.Web.UI.LayoutControl.Initialize()
   at Telerik.Sitefinity.Web.UI.LayoutControl.CreateChildControls()


----------------------------------------
----------------------------------------
Timestamp: 1/18/2020 1:11:56 PM

Message: System.ArgumentException: Cannot find template "~/CustomLayouts/Custom1.ascx".
   at Telerik.Sitefinity.Web.UI.ControlUtilities.GetTemplate(String virtualPath, String resourceFileName, Type assemblyInfo, String templateDeclaration, Boolean addChildrenAsDirectDescendants)
   at Telerik.Sitefinity.Web.UI.LayoutControl.GetTemplate()
   at Telerik.Sitefinity.Web.UI.LayoutControl.Initialize()
   at Telerik.Sitefinity.Web.UI.LayoutControl.CreateChildControls()


----------------------------------------
----------------------------------------
Timestamp: 1/18/2020 1:11:58 PM

Message: System.ArgumentException: Cannot find template "~/CustomLayouts/Custom1.ascx".
   at Telerik.Sitefinity.Web.UI.ControlUtilities.GetTemplate(String virtualPath, String resourceFileName, Type assemblyInfo, String templateDeclaration, Boolean addChildrenAsDirectDescendants)
   at Telerik.Sitefinity.Web.UI.LayoutControl.GetTemplate()
   at Telerik.Sitefinity.Web.UI.LayoutControl.Initialize()
   at Telerik.Sitefinity.Web.UI.LayoutControl.CreateChildControls()


----------------------------------------
----------------------------------------
Timestamp: 1/18/2020 1:13:59 PM

Message: System.ArgumentException: Cannot find template "~/Sitefinity/WebsiteTemplates/BT/CustomLayouts/Custom1.ascx".
   at Telerik.Sitefinity.Web.UI.ControlUtilities.GetTemplate(String virtualPath, String resourceFileName, Type assemblyInfo, String templateDeclaration, Boolean addChildrenAsDirectDescendants)
   at Telerik.Sitefinity.Web.UI.LayoutControl.GetTemplate()
   at Telerik.Sitefinity.Web.UI.LayoutControl.Initialize()
   at Telerik.Sitefinity.Web.UI.LayoutControl.CreateChildControls()


----------------------------------------
----------------------------------------
Timestamp: 1/18/2020 1:14:00 PM

Message: System.ArgumentException: Cannot find template "~/Sitefinity/WebsiteTemplates/BT/CustomLayouts/Custom1.ascx".
   at Telerik.Sitefinity.Web.UI.ControlUtilities.GetTemplate(String virtualPath, String resourceFileName, Type assemblyInfo, String templateDeclaration, Boolean addChildrenAsDirectDescendants)
   at Telerik.Sitefinity.Web.UI.LayoutControl.GetTemplate()
   at Telerik.Sitefinity.Web.UI.LayoutControl.Initialize()
   at Telerik.Sitefinity.Web.UI.LayoutControl.CreateChildControls()


----------------------------------------
----------------------------------------
Timestamp: 1/18/2020 1:15:00 PM

Message: System.ArgumentException: Cannot find template "~/WebsiteTemplates/BT/CustomLayouts/Custom1.ascx".
   at Telerik.Sitefinity.Web.UI.ControlUtilities.GetTemplate(String virtualPath, String resourceFileName, Type assemblyInfo, String templateDeclaration, Boolean addChildrenAsDirectDescendants)
   at Telerik.Sitefinity.Web.UI.LayoutControl.GetTemplate()
   at Telerik.Sitefinity.Web.UI.LayoutControl.Initialize()
   at Telerik.Sitefinity.Web.UI.LayoutControl.CreateChildControls()


----------------------------------------
----------------------------------------
Timestamp: 1/18/2020 1:15:00 PM

Message: System.ArgumentException: Cannot find template "~/WebsiteTemplates/BT/CustomLayouts/Custom1.ascx".
   at Telerik.Sitefinity.Web.UI.ControlUtilities.GetTemplate(String virtualPath, String resourceFileName, Type assemblyInfo, String templateDeclaration, Boolean addChildrenAsDirectDescendants)
   at Telerik.Sitefinity.Web.UI.LayoutControl.GetTemplate()
   at Telerik.Sitefinity.Web.UI.LayoutControl.Initialize()
   at Telerik.Sitefinity.Web.UI.LayoutControl.CreateChildControls()


----------------------------------------
----------------------------------------
Timestamp: 1/18/2020 1:15:52 PM

Message: System.ArgumentException: Cannot find template "~/BT/CustomLayouts/Custom1.ascx".
   at Telerik.Sitefinity.Web.UI.ControlUtilities.GetTemplate(String virtualPath, String resourceFileName, Type assemblyInfo, String templateDeclaration, Boolean addChildrenAsDirectDescendants)
   at Telerik.Sitefinity.Web.UI.LayoutControl.GetTemplate()
   at Telerik.Sitefinity.Web.UI.LayoutControl.Initialize()
   at Telerik.Sitefinity.Web.UI.LayoutControl.CreateChildControls()


----------------------------------------
----------------------------------------
Timestamp: 1/18/2020 1:15:52 PM

Message: System.ArgumentException: Cannot find template "~/BT/CustomLayouts/Custom1.ascx".
   at Telerik.Sitefinity.Web.UI.ControlUtilities.GetTemplate(String virtualPath, String resourceFileName, Type assemblyInfo, String templateDeclaration, Boolean addChildrenAsDirectDescendants)
   at Telerik.Sitefinity.Web.UI.LayoutControl.GetTemplate()
   at Telerik.Sitefinity.Web.UI.LayoutControl.Initialize()
   at Telerik.Sitefinity.Web.UI.LayoutControl.CreateChildControls()


----------------------------------------
----------------------------------------
Timestamp: 1/18/2020 1:16:15 PM

Message: System.ArgumentException: Cannot find template "~/BT/CustomLayouts/Custom1.ascx".
   at Telerik.Sitefinity.Web.UI.ControlUtilities.GetTemplate(String virtualPath, String resourceFileName, Type assemblyInfo, String templateDeclaration, Boolean addChildrenAsDirectDescendants)
   at Telerik.Sitefinity.Web.UI.LayoutControl.GetTemplate()
   at Telerik.Sitefinity.Web.UI.LayoutControl.Initialize()
   at Telerik.Sitefinity.Web.UI.LayoutControl.CreateChildControls()


----------------------------------------
----------------------------------------
Timestamp: 1/18/2020 1:16:28 PM

Message: System.ArgumentException: Cannot find template "~/BT/CustomLayouts/Custom1.ascx".
   at Telerik.Sitefinity.Web.UI.ControlUtilities.GetTemplate(String virtualPath, String resourceFileName, Type assemblyInfo, String templateDeclaration, Boolean addChildrenAsDirectDescendants)
   at Telerik.Sitefinity.Web.UI.LayoutControl.GetTemplate()
   at Telerik.Sitefinity.Web.UI.LayoutControl.Initialize()
   at Telerik.Sitefinity.Web.UI.LayoutControl.CreateChildControls()


----------------------------------------
----------------------------------------
Timestamp: 1/18/2020 1:19:55 PM

Message: System.ArgumentException: Cannot find template "~/BT/CustomLayouts/Custom1.ascx".
   at Telerik.Sitefinity.Web.UI.ControlUtilities.GetTemplate(String virtualPath, String resourceFileName, Type assemblyInfo, String templateDeclaration, Boolean addChildrenAsDirectDescendants)
   at Telerik.Sitefinity.Web.UI.LayoutControl.GetTemplate()
   at Telerik.Sitefinity.Web.UI.LayoutControl.Initialize()
   at Telerik.Sitefinity.Web.UI.LayoutControl.CreateChildControls()


----------------------------------------
----------------------------------------
Timestamp: 1/18/2020 1:20:02 PM

Message: System.ArgumentException: Cannot find template "~/CustomLayouts/Custom1.ascx".
   at Telerik.Sitefinity.Web.UI.ControlUtilities.GetTemplate(String virtualPath, String resourceFileName, Type assemblyInfo, String templateDeclaration, Boolean addChildrenAsDirectDescendants)
   at Telerik.Sitefinity.Web.UI.LayoutControl.GetTemplate()
   at Telerik.Sitefinity.Web.UI.LayoutControl.Initialize()
   at Telerik.Sitefinity.Web.UI.LayoutControl.CreateChildControls()


----------------------------------------
----------------------------------------
Timestamp: 1/18/2020 1:20:02 PM

Message: System.ArgumentException: Cannot find template "~/CustomLayouts/Custom1.ascx".
   at Telerik.Sitefinity.Web.UI.ControlUtilities.GetTemplate(String virtualPath, String resourceFileName, Type assemblyInfo, String templateDeclaration, Boolean addChildrenAsDirectDescendants)
   at Telerik.Sitefinity.Web.UI.LayoutControl.GetTemplate()
   at Telerik.Sitefinity.Web.UI.LayoutControl.Initialize()
   at Telerik.Sitefinity.Web.UI.LayoutControl.CreateChildControls()


----------------------------------------
----------------------------------------
Timestamp: 1/18/2020 1:39:19 PM

Message: System.ArgumentException: Cannot find template "~/BT/CustomLayouts/Custom1.ascx".
   at Telerik.Sitefinity.Web.UI.ControlUtilities.GetTemplate(String virtualPath, String resourceFileName, Type assemblyInfo, String templateDeclaration, Boolean addChildrenAsDirectDescendants)
   at Telerik.Sitefinity.Web.UI.LayoutControl.GetTemplate()
   at Telerik.Sitefinity.Web.UI.LayoutControl.Initialize()
   at Telerik.Sitefinity.Web.UI.LayoutControl.CreateChildControls()


----------------------------------------
----------------------------------------
Timestamp: 1/18/2020 1:39:22 PM

Message: System.ArgumentException: Cannot find template "~/CustomLayouts/Custom1.ascx".
   at Telerik.Sitefinity.Web.UI.ControlUtilities.GetTemplate(String virtualPath, String resourceFileName, Type assemblyInfo, String templateDeclaration, Boolean addChildrenAsDirectDescendants)
   at Telerik.Sitefinity.Web.UI.LayoutControl.GetTemplate()
   at Telerik.Sitefinity.Web.UI.LayoutControl.Initialize()
   at Telerik.Sitefinity.Web.UI.LayoutControl.CreateChildControls()


----------------------------------------
----------------------------------------
Timestamp: 1/18/2020 1:39:22 PM

Message: System.ArgumentException: Cannot find template "~/BT/CustomLayouts/Custom1.ascx".
   at Telerik.Sitefinity.Web.UI.ControlUtilities.GetTemplate(String virtualPath, String resourceFileName, Type assemblyInfo, String templateDeclaration, Boolean addChildrenAsDirectDescendants)
   at Telerik.Sitefinity.Web.UI.LayoutControl.GetTemplate()
   at Telerik.Sitefinity.Web.UI.LayoutControl.Initialize()
   at Telerik.Sitefinity.Web.UI.LayoutControl.CreateChildControls()


----------------------------------------
----------------------------------------
Timestamp: 1/18/2020 1:39:29 PM

Message: System.ArgumentException: Cannot find template "~/BT/CustomLayouts/Custom1.ascx".
   at Telerik.Sitefinity.Web.UI.ControlUtilities.GetTemplate(String virtualPath, String resourceFileName, Type assemblyInfo, String templateDeclaration, Boolean addChildrenAsDirectDescendants)
   at Telerik.Sitefinity.Web.UI.LayoutControl.GetTemplate()
   at Telerik.Sitefinity.Web.UI.LayoutControl.Initialize()
   at Telerik.Sitefinity.Web.UI.LayoutControl.CreateChildControls()


----------------------------------------
----------------------------------------
Timestamp: 1/18/2020 1:39:30 PM

Message: System.ArgumentException: Cannot find template "~/CustomLayouts/Custom1.ascx".
   at Telerik.Sitefinity.Web.UI.ControlUtilities.GetTemplate(String virtualPath, String resourceFileName, Type assemblyInfo, String templateDeclaration, Boolean addChildrenAsDirectDescendants)
   at Telerik.Sitefinity.Web.UI.LayoutControl.GetTemplate()
   at Telerik.Sitefinity.Web.UI.LayoutControl.Initialize()
   at Telerik.Sitefinity.Web.UI.LayoutControl.CreateChildControls()


----------------------------------------
----------------------------------------
Timestamp: 1/18/2020 1:42:59 PM

Message: System.Web.HttpParseException (0x80004005): Unexpected end of file looking for </div> tag.
   at System.Web.UI.TemplateParser.ProcessException(Exception ex)
   at System.Web.UI.TemplateParser.HandlePostParse()
   at System.Web.UI.TemplateControlParser.HandlePostParse()
   at System.Web.UI.TemplateParser.Parse()
   at System.Web.Compilation.BaseTemplateBuildProvider.get_CodeCompilerType()
   at System.Web.Compilation.BuildProvider.GetCompilerTypeFromBuildProvider(BuildProvider buildProvider)
   at System.Web.Compilation.BuildProvidersCompiler.ProcessBuildProviders()
   at System.Web.Compilation.BuildProvidersCompiler.PerformBuild()
   at System.Web.Compilation.BuildManager.CompileWebFile(VirtualPath virtualPath)
   at System.Web.Compilation.BuildManager.GetVPathBuildResultInternal(VirtualPath virtualPath, Boolean noBuild, Boolean allowCrossApp, Boolean allowBuildInPrecompile, Boolean throwIfNotFound, Boolean ensureIsUpToDate)
   at System.Web.Compilation.BuildManager.GetVPathBuildResultWithNoAssert(HttpContext context, VirtualPath virtualPath, Boolean noBuild, Boolean allowCrossApp, Boolean allowBuildInPrecompile, Boolean throwIfNotFound, Boolean ensureIsUpToDate)
   at System.Web.Compilation.BuildManager.GetVirtualPathObjectFactory(VirtualPath virtualPath, HttpContext context, Boolean allowCrossApp, Boolean throwIfNotFound)
   at System.Web.Compilation.BuildManager.CreateInstanceFromVirtualPath(VirtualPath virtualPath, Type requiredBaseType, HttpContext context, Boolean allowCrossApp)
   at Telerik.Sitefinity.Web.Compilation.CompilationHelpers.LoadControl[T](String virtualPath, Boolean isCausedByUserInteraction, PageSiteNode pageSiteNode)
   at Telerik.Sitefinity.Web.UI.ControlUtilities.LoadControl(String virtualPath, Page page)
   at Telerik.Sitefinity.Web.UI.VirtualPathTemplate.InstantiateIn(Control container, PlaceHoldersCollection placeHolders)
   at Telerik.Sitefinity.Web.UI.LayoutControl.Initialize()
   at Telerik.Sitefinity.Web.UI.LayoutControl.CreateChildControls()


----------------------------------------
----------------------------------------
Timestamp: 1/18/2020 1:44:55 PM

Message: System.Web.HttpParseException (0x80004005): Unexpected end of file looking for </div> tag.
   at System.Web.UI.TemplateParser.ProcessException(Exception ex)
   at System.Web.UI.TemplateParser.HandlePostParse()
   at System.Web.UI.TemplateControlParser.HandlePostParse()
   at System.Web.UI.TemplateParser.Parse()
   at System.Web.Compilation.BaseTemplateBuildProvider.get_CodeCompilerType()
   at System.Web.Compilation.BuildProvider.GetCompilerTypeFromBuildProvider(BuildProvider buildProvider)
   at System.Web.Compilation.BuildProvidersCompiler.ProcessBuildProviders()
   at System.Web.Compilation.BuildProvidersCompiler.PerformBuild()
   at System.Web.Compilation.BuildManager.CompileWebFile(VirtualPath virtualPath)
   at System.Web.Compilation.BuildManager.GetVPathBuildResultInternal(VirtualPath virtualPath, Boolean noBuild, Boolean allowCrossApp, Boolean allowBuildInPrecompile, Boolean throwIfNotFound, Boolean ensureIsUpToDate)
   at System.Web.Compilation.BuildManager.GetVPathBuildResultWithNoAssert(HttpContext context, VirtualPath virtualPath, Boolean noBuild, Boolean allowCrossApp, Boolean allowBuildInPrecompile, Boolean throwIfNotFound, Boolean ensureIsUpToDate)
   at System.Web.Compilation.BuildManager.GetVirtualPathObjectFactory(VirtualPath virtualPath, HttpContext context, Boolean allowCrossApp, Boolean throwIfNotFound)
   at System.Web.Compilation.BuildManager.CreateInstanceFromVirtualPath(VirtualPath virtualPath, Type requiredBaseType, HttpContext context, Boolean allowCrossApp)
   at Telerik.Sitefinity.Web.Compilation.CompilationHelpers.LoadControl[T](String virtualPath, Boolean isCausedByUserInteraction, PageSiteNode pageSiteNode)
   at Telerik.Sitefinity.Web.UI.ControlUtilities.LoadControl(String virtualPath, Page page)
   at Telerik.Sitefinity.Web.UI.VirtualPathTemplate.InstantiateIn(Control container, PlaceHoldersCollection placeHolders)
   at Telerik.Sitefinity.Web.UI.LayoutControl.Initialize()
   at Telerik.Sitefinity.Web.UI.LayoutControl.CreateChildControls()


----------------------------------------
----------------------------------------
Timestamp: 1/18/2020 1:44:55 PM

Message: System.Web.HttpParseException (0x80004005): Unexpected end of file looking for </div> tag.
   at System.Web.UI.TemplateParser.ProcessException(Exception ex)
   at System.Web.UI.TemplateParser.HandlePostParse()
   at System.Web.UI.TemplateControlParser.HandlePostParse()
   at System.Web.UI.TemplateParser.Parse()
   at System.Web.Compilation.BaseTemplateBuildProvider.get_CodeCompilerType()
   at System.Web.Compilation.BuildProvider.GetCompilerTypeFromBuildProvider(BuildProvider buildProvider)
   at System.Web.Compilation.BuildProvidersCompiler.ProcessBuildProviders()
   at System.Web.Compilation.BuildProvidersCompiler.PerformBuild()
   at System.Web.Compilation.BuildManager.CompileWebFile(VirtualPath virtualPath)
   at System.Web.Compilation.BuildManager.GetVPathBuildResultInternal(VirtualPath virtualPath, Boolean noBuild, Boolean allowCrossApp, Boolean allowBuildInPrecompile, Boolean throwIfNotFound, Boolean ensureIsUpToDate)
   at System.Web.Compilation.BuildManager.GetVPathBuildResultWithNoAssert(HttpContext context, VirtualPath virtualPath, Boolean noBuild, Boolean allowCrossApp, Boolean allowBuildInPrecompile, Boolean throwIfNotFound, Boolean ensureIsUpToDate)
   at System.Web.Compilation.BuildManager.GetVirtualPathObjectFactory(VirtualPath virtualPath, HttpContext context, Boolean allowCrossApp, Boolean throwIfNotFound)
   at System.Web.Compilation.BuildManager.CreateInstanceFromVirtualPath(VirtualPath virtualPath, Type requiredBaseType, HttpContext context, Boolean allowCrossApp)
   at Telerik.Sitefinity.Web.Compilation.CompilationHelpers.LoadControl[T](String virtualPath, Boolean isCausedByUserInteraction, PageSiteNode pageSiteNode)
   at Telerik.Sitefinity.Web.UI.ControlUtilities.LoadControl(String virtualPath, Page page)
   at Telerik.Sitefinity.Web.UI.VirtualPathTemplate.InstantiateIn(Control container, PlaceHoldersCollection placeHolders)
   at Telerik.Sitefinity.Web.UI.LayoutControl.Initialize()
   at Telerik.Sitefinity.Web.UI.LayoutControl.CreateChildControls()


----------------------------------------
