----------------------------------------
ActivityId: e34d2200-b081-43cb-9e48-3faf49d740f5

Timestamp: 1/3/2020 9:00:33 AM

Message: HandlingInstanceID: 4291c167-afe8-472b-bfe0-e13dfcee784e
An exception of type 'Telerik.Sitefinity.SitefinityExceptions.ItemNotFoundException' occurred and was caught.
-------------------------------------------------------------------------------------------------------------
01/03/2020 14:30:33
Type : Telerik.Sitefinity.SitefinityExceptions.ItemNotFoundException, Telerik.Sitefinity, Version=12.2.7200.0, Culture=neutral, PublicKeyToken=b28c218413bdf563
Message : You are trying to access Product item with id 1bace1cb-33e7-4e02-9cf1-f6ade55570d8 that no longer exists. The most probable reason is that it has been deleted by another user.
Source : Unity_ILEmit_DynamicClasses
Help link : 
Data : System.Collections.ListDictionaryInternal
TargetSite : Telerik.Sitefinity.Ecommerce.Catalog.Model.Product GetProduct(System.Guid)
HResult : -2146233088
Stack Trace :    at DynamicModule.ns.Wrapped_OpenAccessCatalogDataProvider_3676761279874a1fade56f8a7d80dbe5.GetProduct(Guid productId)
   at Telerik.Sitefinity.Modules.Ecommerce.Catalog.CatalogManager.GetProduct(Guid productId)
   at SitefinityWebApp.Mvc.Controllers.ProductHeroController.Index() in D:\Jaypal\Projects\VectorNAV\Code\SF_BT\Mvc\Controllers\ProductHeroController.cs:line 28
   at lambda_method(Closure , ControllerBase , Object[] )
   at System.Web.Mvc.ActionMethodDispatcher.Execute(ControllerBase controller, Object[] parameters)
   at System.Web.Mvc.ReflectedActionDescriptor.Execute(ControllerContext controllerContext, IDictionary`2 parameters)
   at System.Web.Mvc.ControllerActionInvoker.InvokeActionMethod(ControllerContext controllerContext, ActionDescriptor actionDescriptor, IDictionary`2 parameters)
   at System.Web.Mvc.ControllerActionInvoker.<>c__DisplayClass24_0.<InvokeActionMethodWithFilters>b__0()
   at System.Web.Mvc.ControllerActionInvoker.InvokeActionMethodFilter(IActionFilter filter, ActionExecutingContext preContext, Func`1 continuation)
   at System.Web.Mvc.ControllerActionInvoker.<>c__DisplayClass24_1.<InvokeActionMethodWithFilters>b__2()
   at System.Web.Mvc.ControllerActionInvoker.InvokeActionMethodFilter(IActionFilter filter, ActionExecutingContext preContext, Func`1 continuation)
   at System.Web.Mvc.ControllerActionInvoker.<>c__DisplayClass24_1.<InvokeActionMethodWithFilters>b__2()
   at System.Web.Mvc.ControllerActionInvoker.InvokeActionMethodFilter(IActionFilter filter, ActionExecutingContext preContext, Func`1 continuation)
   at System.Web.Mvc.ControllerActionInvoker.<>c__DisplayClass24_1.<InvokeActionMethodWithFilters>b__2()
   at System.Web.Mvc.ControllerActionInvoker.InvokeActionMethodFilter(IActionFilter filter, ActionExecutingContext preContext, Func`1 continuation)
   at System.Web.Mvc.ControllerActionInvoker.<>c__DisplayClass24_1.<InvokeActionMethodWithFilters>b__2()
   at System.Web.Mvc.ControllerActionInvoker.InvokeActionMethodFilter(IActionFilter filter, ActionExecutingContext preContext, Func`1 continuation)
   at System.Web.Mvc.ControllerActionInvoker.<>c__DisplayClass24_1.<InvokeActionMethodWithFilters>b__2()
   at System.Web.Mvc.ControllerActionInvoker.InvokeActionMethodFilter(IActionFilter filter, ActionExecutingContext preContext, Func`1 continuation)
   at System.Web.Mvc.ControllerActionInvoker.<>c__DisplayClass24_1.<InvokeActionMethodWithFilters>b__2()
   at System.Web.Mvc.ControllerActionInvoker.InvokeActionMethodFilter(IActionFilter filter, ActionExecutingContext preContext, Func`1 continuation)
   at System.Web.Mvc.ControllerActionInvoker.<>c__DisplayClass24_1.<InvokeActionMethodWithFilters>b__2()
   at System.Web.Mvc.ControllerActionInvoker.InvokeActionMethodWithFilters(ControllerContext controllerContext, IList`1 filters, ActionDescriptor actionDescriptor, IDictionary`2 parameters)
   at System.Web.Mvc.ControllerActionInvoker.InvokeAction(ControllerContext controllerContext, String actionName)
   at Telerik.Sitefinity.Mvc.ControllerWrapper.Execute()
   at Telerik.Sitefinity.Mvc.ControllerActionInvoker.ExecuteController(MvcProxyBase proxyControl)
   at Telerik.Sitefinity.Frontend.Mvc.Infrastructure.Routing.FeatherActionInvoker.ExecuteController(MvcProxyBase proxyControl)

Additional Info:

MachineName : DESKTOP-RNLROTF
TimeStamp : 1/3/2020 9:00:33 AM
FullName : Telerik.Sitefinity.Utilities, Version=12.2.7200.0, Culture=neutral, PublicKeyToken=b28c218413bdf563
AppDomainName : /LM/W3SVC/2/ROOT-5-132225156151022460
ThreadIdentity : jaypalmandloi@gmail.com
WindowsIdentity : HITESHI\jaypal.singh
Requested URL : http://localhost:60876/test_1


Category: ErrorLog

Priority: 0

EventId: 9010

Severity: Warning

Title:Enterprise Library Exception Handling

Machine: DESKTOP-RNLROTF

App Domain: /LM/W3SVC/2/ROOT-5-132225156151022460

ProcessId: 5612

Process Name: C:\Program Files (x86)\IIS Express\iisexpress.exe

Thread Name: 

Win32 ThreadId:5720

Extended Properties: 
----------------------------------------
